<?xml version="1.0" encoding="UTF-8"?>
<!-- Generated by org.testng.reporters.JUnitReportReporter -->
<testsuite skipped="0" hostname="DELL" name="com.TestNG.Parameters.Multiplication" tests="1" failures="0" timestamp="2020-12-12T16:13:17 IST" time="0.001" errors="0">
  <testcase name="mul" time="0.001" classname="com.TestNG.Parameters.Multiplication"/>
  <system-out/>
</testsuite> <!-- com.TestNG.Parameters.Multiplication -->
