<?xml version="1.0" encoding="UTF-8"?>
<!-- Generated by org.testng.reporters.JUnitReportReporter -->
<testsuite skipped="0" hostname="DELL" name="com.TestNG.Parameters.Fruits" tests="2" failures="0" timestamp="2020-12-12T16:52:39 IST" time="0.020" errors="0">
  <testcase name="mango" time="0.018" classname="com.TestNG.Parameters.Fruits"/>
  <system-out/>
  <testcase name="orange" time="0.002" classname="com.TestNG.Parameters.Fruits"/>
  <system-out/>
</testsuite> <!-- com.TestNG.Parameters.Fruits -->
