<?xml version="1.0" encoding="UTF-8"?>
<!-- Generated by org.testng.reporters.JUnitReportReporter -->
<testsuite skipped="0" hostname="DELL" name="com.TestNG.RegularExpresion" tests="2" failures="0" timestamp="2020-12-11T16:58:56 IST" time="0.021" errors="0">
  <testcase name="test_case2" time="0.002" classname="com.TestNG.RegularExpresion"/>
  <system-out/>
  <testcase name="test_case1" time="0.019" classname="com.TestNG.RegularExpresion"/>
  <system-out/>
</testsuite> <!-- com.TestNG.RegularExpresion -->
