<?xml version="1.0" encoding="UTF-8"?>
<!-- Generated by org.testng.reporters.JUnitReportReporter -->
<testsuite skipped="0" hostname="DELL" name="com.TestNG.Demo" tests="2" failures="0" timestamp="2020-12-07T20:41:51 IST" time="0.026" errors="0">
  <testcase name="test2" time="0.004" classname="com.TestNG.Demo"/>
  <system-out/>
  <testcase name="test1" time="0.022" classname="com.TestNG.Demo"/>
  <system-out/>
</testsuite> <!-- com.TestNG.Demo -->
