<?xml version="1.0" encoding="UTF-8"?>
<!-- Generated by org.testng.reporters.JUnitReportReporter -->
<testsuite skipped="0" hostname="DELL" name="com.TestNG.Mobileloan" tests="1" failures="0" timestamp="2020-12-09T15:09:22 IST" time="0.002" errors="0">
  <testcase name="APLloan" time="0.002" classname="com.TestNG.Mobileloan"/>
  <system-out/>
</testsuite> <!-- com.TestNG.Mobileloan -->
