<?xml version="1.0" encoding="UTF-8"?>
<!-- Generated by org.testng.reporters.JUnitReportReporter -->
<testsuite skipped="0" hostname="DELL" name="com.TestNG.Carloan" tests="1" failures="0" timestamp="2020-12-09T15:09:22 IST" time="0.020" errors="0">
  <testcase name="mobileloan" time="0.020" classname="com.TestNG.Carloan"/>
  <system-out/>
</testsuite> <!-- com.TestNG.Carloan -->
