<?xml version="1.0" encoding="UTF-8"?>
<!-- Generated by org.testng.reporters.JUnitReportReporter -->
<testsuite skipped="0" hostname="DELL" name="com.TestNG.Parameters.Withparametr" tests="1" failures="0" timestamp="2020-12-12T17:43:24 IST" time="39.713" errors="0">
  <testcase name="test" time="39.713" classname="com.TestNG.Parameters.Withparametr"/>
  <system-out/>
</testsuite> <!-- com.TestNG.Parameters.Withparametr -->
