<?xml version="1.0" encoding="UTF-8"?>
<!-- Generated by org.testng.reporters.JUnitReportReporter -->
<testsuite skipped="0" hostname="DELL" name="com.TestNG.Parameters.Noparameter" tests="1" failures="0" timestamp="2020-12-12T17:25:49 IST" time="47.431" errors="0">
  <testcase name="searchkey" time="47.431" classname="com.TestNG.Parameters.Noparameter"/>
  <system-out/>
</testsuite> <!-- com.TestNG.Parameters.Noparameter -->
