<?xml version="1.0" encoding="UTF-8"?>
<!-- Generated by org.testng.reporters.JUnitReportReporter -->
<testsuite skipped="0" hostname="DELL" name="com.TestNG.Dataprovider.Parameterwith_Otherclass" tests="3" failures="0" timestamp="2020-12-14T17:23:29 IST" time="13.623" errors="0">
  <testcase name="getData" time="3.342" classname="com.TestNG.Dataprovider.Parameterwith_Otherclass"/>
  <system-out/>
  <testcase name="getData" time="6.539" classname="com.TestNG.Dataprovider.Parameterwith_Otherclass"/>
  <system-out/>
  <testcase name="getData" time="3.742" classname="com.TestNG.Dataprovider.Parameterwith_Otherclass"/>
  <system-out/>
</testsuite> <!-- com.TestNG.Dataprovider.Parameterwith_Otherclass -->
