<?xml version="1.0" encoding="UTF-8"?>
<!-- Generated by org.testng.reporters.JUnitReportReporter -->
<testsuite skipped="0" hostname="DELL" name="com.TestNG.Homeloan" tests="1" failures="0" timestamp="2020-12-09T15:09:22 IST" time="0.007" errors="0">
  <testcase name="Personalloan" time="0.007" classname="com.TestNG.Homeloan"/>
  <system-out/>
</testsuite> <!-- com.TestNG.Homeloan -->
