<?xml version="1.0" encoding="UTF-8"?>
<!-- Generated by org.testng.reporters.JUnitReportReporter -->
<testsuite skipped="0" hostname="DELL" name="com.TestNG.SingletonPageTest" tests="1" failures="0" timestamp="2020-12-20T14:00:26 IST" time="50.127" errors="0">
  <testcase name="gettest" time="50.127" classname="com.TestNG.SingletonPageTest"/>
  <system-out/>
</testsuite> <!-- com.TestNG.SingletonPageTest -->
