<?xml version="1.0" encoding="UTF-8"?>
<!-- Generated by org.testng.reporters.JUnitReportReporter -->
<testsuite skipped="0" hostname="DELL" name="com.TestNG.Parameters.Vegtable" tests="2" failures="0" timestamp="2020-12-12T16:52:39 IST" time="0.010" errors="0">
  <testcase name="t1" time="0.008" classname="com.TestNG.Parameters.Vegtable"/>
  <system-out/>
  <testcase name="g1" time="0.002" classname="com.TestNG.Parameters.Vegtable"/>
  <system-out/>
</testsuite> <!-- com.TestNG.Parameters.Vegtable -->
