<?xml version="1.0" encoding="UTF-8"?>
<!-- Generated by org.testng.reporters.JUnitReportReporter -->
<testsuite skipped="0" hostname="DELL" name="com.TestNG.GoogleTest" tests="3" failures="0" timestamp="2020-12-07T21:27:56 IST" time="43.296" errors="0">
  <testcase name="GoogleTitle" time="9.449" classname="com.TestNG.GoogleTest"/>
  <system-out/>
  <testcase name="Logo" time="14.632" classname="com.TestNG.GoogleTest"/>
  <system-out/>
  <testcase name="link" time="19.215" classname="com.TestNG.GoogleTest"/>
  <system-out/>
</testsuite> <!-- com.TestNG.GoogleTest -->
