<?xml version="1.0" encoding="UTF-8"?>
<!-- Generated by org.testng.reporters.JUnitReportReporter -->
<testsuite skipped="0" hostname="DELL" name="com.TestNG.Dataprovider.Dataproviderwithin_Class" tests="3" failures="0" timestamp="2020-12-14T17:16:44 IST" time="11.778" errors="0">
  <testcase name="getData" time="4.103" classname="com.TestNG.Dataprovider.Dataproviderwithin_Class"/>
  <system-out/>
  <testcase name="getData" time="3.539" classname="com.TestNG.Dataprovider.Dataproviderwithin_Class"/>
  <system-out/>
  <testcase name="getData" time="4.136" classname="com.TestNG.Dataprovider.Dataproviderwithin_Class"/>
  <system-out/>
</testsuite> <!-- com.TestNG.Dataprovider.Dataproviderwithin_Class -->
