<?xml version="1.0" encoding="UTF-8"?>
<!-- Generated by org.testng.reporters.JUnitReportReporter -->
<testsuite skipped="0" hostname="DELL" name="com.actiTime.File.TitleSearch" tests="2" failures="0" timestamp="2020-12-07T21:12:38 IST" time="16.246" errors="0">
  <testcase name="Logo" time="8.661" classname="com.actiTime.File.TitleSearch"/>
  <system-out/>
  <testcase name="GoogleTitle" time="7.585" classname="com.actiTime.File.TitleSearch"/>
  <system-out/>
</testsuite> <!-- com.actiTime.File.TitleSearch -->
