<?xml version="1.0" encoding="UTF-8"?>
<!-- Generated by org.testng.reporters.JUnitReportReporter -->
<testsuite skipped="0" hostname="DELL" name="com.TestNG.Groups" tests="3" failures="0" timestamp="2020-12-09T15:01:26 IST" time="0.026" errors="0">
  <testcase name="method4" time="0.011" classname="com.TestNG.Groups"/>
  <system-out/>
  <testcase name="method2" time="0.002" classname="com.TestNG.Groups"/>
  <system-out/>
  <testcase name="method1" time="0.013" classname="com.TestNG.Groups"/>
  <system-out/>
</testsuite> <!-- com.TestNG.Groups -->
