<?xml version="1.0" encoding="UTF-8"?>
<!-- Generated by org.testng.reporters.JUnitReportReporter -->
<testsuite skipped="0" hostname="DELL" name="com.TestNG.LoginParameterEx" tests="1" failures="0" timestamp="2020-12-11T20:34:06 IST" time="37.928" errors="0">
  <testcase name="Login" time="37.928" classname="com.TestNG.LoginParameterEx"/>
  <system-out/>
</testsuite> <!-- com.TestNG.LoginParameterEx -->
